<?xml version="1.0" encoding="UTF-8"?>
<!-- Generated by org.testng.reporters.JUnitReportReporter -->
<testsuite hostname="LAPTOP-SLAGGAOJ" failures="0" tests="3" name="tests.PutPatchDeleteExamples" time="4.879" errors="0" timestamp="2021-06-16T20:22:54 BRT" skipped="0">
  <testcase classname="tests.PutPatchDeleteExamples" name="TestPatch" time="0.970"/>
  <system-out/>
  <testcase classname="tests.PutPatchDeleteExamples" name="TestPut" time="0.730"/>
  <system-out/>
  <testcase classname="tests.PutPatchDeleteExamples" name="TestDelete" time="3.179"/>
  <system-out/>
</testsuite> <!-- tests.PutPatchDeleteExamples -->
