<?xml version="1.0" encoding="UTF-8"?>
<!-- Generated by org.testng.reporters.JUnitReportReporter -->
<testsuite hostname="LAPTOP-SLAGGAOJ" failures="0" tests="1" name="tests.GetAndPostExamples" time="3.756" errors="0" timestamp="2021-06-16T20:20:51 BRT" skipped="0">
  <testcase classname="tests.GetAndPostExamples" name="TestPost" time="3.756"/>
  <system-out/>
</testsuite> <!-- tests.GetAndPostExamples -->
