<?xml version="1.0" encoding="UTF-8"?>
<!-- Generated by org.testng.reporters.JUnitReportReporter -->
<testsuite hostname="LAPTOP-SLAGGAOJ" failures="0" tests="2" name="tests.TestsExamples" time="4.024" errors="0" timestamp="2021-06-15T20:41:04 BRT" skipped="0">
  <testcase classname="tests.TestsExamples" name="testOne" time="2.757"/>
  <system-out/>
  <testcase classname="tests.TestsExamples" name="testTwo" time="1.267"/>
  <system-out/>
</testsuite> <!-- tests.TestsExamples -->
